Build started 2015/11/18 13:23:29.
     1>Project "D:\GitHub\CUNIST\cuNIST\cuNIST\cuNIST.vcxproj" on node 2 (Build target(s)).
     1>AddCudaCompileDeps:
         G:\Program Files (x86)\Microsoft Visual Studio 12.0\VC\bin\cl.exe /E /nologo /showIncludes /TP /D__CUDACC__ /DWIN32 /D_DEBUG /D_CONSOLE /D_MBCS /I"C:\Program Files\NVIDIA GPU Computing Toolkit\CUDA\v7.5\include" /I"C:\Program Files\NVIDIA GPU Computing Toolkit\CUDA\v7.5\bin" /I"C:\Program Files\NVIDIA GPU Computing Toolkit\CUDA\v7.5\include" /I. /FIcuda_runtime.h /c D:\GitHub\CUNIST\cuNIST\cuNIST\kernel.cu 
       CudaBuild:
         Compiling CUDA source file kernel.cu...
         cmd.exe /C "C:\Users\zxx_1\AppData\Local\Temp\tmp313f7236beb94bca967eef8c38b372a9.cmd"
         "C:\Program Files\NVIDIA GPU Computing Toolkit\CUDA\v7.5\bin\nvcc.exe" -gencode=arch=compute_20,code=\"sm_20,compute_20\" --use-local-env --cl-version 2013 -ccbin "G:\Program Files (x86)\Microsoft Visual Studio 12.0\VC\bin"  -I"C:\Program Files\NVIDIA GPU Computing Toolkit\CUDA\v7.5\include" -I"C:\Program Files\NVIDIA GPU Computing Toolkit\CUDA\v7.5\include"  -G   --keep-dir Debug -maxrregcount=0  --machine 32 --compile -cudart static  -g   -DWIN32 -D_DEBUG -D_CONSOLE -D_MBCS -Xcompiler "/EHsc /W3 /nologo /Od /Zi /RTC1 /MDd " -o Debug\kernel.cu.obj "D:\GitHub\CUNIST\cuNIST\cuNIST\kernel.cu"
         
         D:\GitHub\CUNIST\cuNIST\cuNIST>"C:\Program Files\NVIDIA GPU Computing Toolkit\CUDA\v7.5\bin\nvcc.exe" -gencode=arch=compute_20,code=\"sm_20,compute_20\" --use-local-env --cl-version 2013 -ccbin "G:\Program Files (x86)\Microsoft Visual Studio 12.0\VC\bin"  -I"C:\Program Files\NVIDIA GPU Computing Toolkit\CUDA\v7.5\include" -I"C:\Program Files\NVIDIA GPU Computing Toolkit\CUDA\v7.5\include"  -G   --keep-dir Debug -maxrregcount=0  --machine 32 --compile -cudart static  -g   -DWIN32 -D_DEBUG -D_CONSOLE -D_MBCS -Xcompiler "/EHsc /W3 /nologo /Od /Zi /RTC1 /MDd " -o Debug\kernel.cu.obj "D:\GitHub\CUNIST\cuNIST\cuNIST\kernel.cu" 
     1>D:/GitHub/CUNIST/cuNIST/cuNIST/kernel.cu(15): warning : variable "images" was declared but never referenced
     1>D:/GitHub/CUNIST/cuNIST/cuNIST/kernel.cu(16): warning : variable "labels" was declared but never referenced
     1>D:/GitHub/CUNIST/cuNIST/cuNIST/kernel.cu(15): warning : variable "images" was declared but never referenced
     1>D:/GitHub/CUNIST/cuNIST/cuNIST/kernel.cu(16): warning : variable "labels" was declared but never referenced
         kernel.cu
     1>D:/GitHub/CUNIST/cuNIST/cuNIST/kernel.cu(15): warning C4101: 'images' : unreferenced local variable
     1>D:/GitHub/CUNIST/cuNIST/cuNIST/kernel.cu(16): warning C4101: 'labels' : unreferenced local variable
       Link:
         G:\Program Files (x86)\Microsoft Visual Studio 12.0\VC\bin\link.exe /ERRORREPORT:PROMPT /OUT:"D:\GitHub\CUNIST\cuNIST\Debug\cuNIST.exe" /INCREMENTAL /NOLOGO /LIBPATH:"C:\Program Files\NVIDIA GPU Computing Toolkit\CUDA\v7.5\lib\Win32" cudart.lib kernel32.lib user32.lib gdi32.lib winspool.lib comdlg32.lib advapi32.lib shell32.lib ole32.lib oleaut32.lib uuid.lib odbc32.lib odbccp32.lib kernel32.lib user32.lib gdi32.lib winspool.lib comdlg32.lib advapi32.lib shell32.lib ole32.lib oleaut32.lib uuid.lib odbc32.lib odbccp32.lib /MANIFEST /MANIFESTUAC:"level='asInvoker' uiAccess='false'" /manifest:embed /DEBUG /PDB:"D:\GitHub\CUNIST\cuNIST\Debug\cuNIST.pdb" /SUBSYSTEM:CONSOLE /TLBID:1 /DYNAMICBASE /NXCOMPAT /IMPLIB:"D:\GitHub\CUNIST\cuNIST\Debug\cuNIST.lib" /MACHINE:X86 Debug\kernel.cu.obj
         Debug\ReadData.obj
         cuNIST.vcxproj -> D:\GitHub\CUNIST\cuNIST\Debug\cuNIST.exe
       PostBuildEvent:
         echo copy "C:\Program Files\NVIDIA GPU Computing Toolkit\CUDA\v7.5\bin\cudart*.dll" "D:\GitHub\CUNIST\cuNIST\Debug\"
         copy "C:\Program Files\NVIDIA GPU Computing Toolkit\CUDA\v7.5\bin\cudart*.dll" "D:\GitHub\CUNIST\cuNIST\Debug\"
         :VCEnd
         copy "C:\Program Files\NVIDIA GPU Computing Toolkit\CUDA\v7.5\bin\cudart*.dll" "D:\GitHub\CUNIST\cuNIST\Debug\"
         C:\Program Files\NVIDIA GPU Computing Toolkit\CUDA\v7.5\bin\cudart32_75.dll
         C:\Program Files\NVIDIA GPU Computing Toolkit\CUDA\v7.5\bin\cudart64_75.dll
         已复制         2 个文件。
     1>Done Building Project "D:\GitHub\CUNIST\cuNIST\cuNIST\cuNIST.vcxproj" (Build target(s)).

Build succeeded.

Time Elapsed 00:00:04.42
