Build started 2015/11/18 13:25:31.
     1>Project "D:\GitHub\CUNIST\cuNIST\cuNIST\cuNIST.vcxproj" on node 2 (Build target(s)).
     1>CudaBuild:
         Compiling CUDA source file kernel.cu...
         cmd.exe /C "C:\Users\zxx_1\AppData\Local\Temp\tmp363db7746f144ea68fb30a8cec774048.cmd"
         "C:\Program Files\NVIDIA GPU Computing Toolkit\CUDA\v7.5\bin\nvcc.exe" -gencode=arch=compute_50,code=\"sm_50,compute_50\" --use-local-env --cl-version 2013 -ccbin "G:\Program Files (x86)\Microsoft Visual Studio 12.0\VC\bin\x86_amd64"  -I"C:\Program Files\NVIDIA GPU Computing Toolkit\CUDA\v7.5\include" -I"C:\Program Files\NVIDIA GPU Computing Toolkit\CUDA\v7.5\include"  -G   --keep-dir x64\Debug -maxrregcount=0  --machine 64 --compile -cudart static  -g   -DWIN32 -DWIN64 -D_DEBUG -D_CONSOLE -D_MBCS -Xcompiler "/EHsc /W3 /nologo /Od /Zi /RTC1 /MDd " -o x64\Debug\kernel.cu.obj "D:\GitHub\CUNIST\cuNIST\cuNIST\kernel.cu"
         
         D:\GitHub\CUNIST\cuNIST\cuNIST>"C:\Program Files\NVIDIA GPU Computing Toolkit\CUDA\v7.5\bin\nvcc.exe" -gencode=arch=compute_50,code=\"sm_50,compute_50\" --use-local-env --cl-version 2013 -ccbin "G:\Program Files (x86)\Microsoft Visual Studio 12.0\VC\bin\x86_amd64"  -I"C:\Program Files\NVIDIA GPU Computing Toolkit\CUDA\v7.5\include" -I"C:\Program Files\NVIDIA GPU Computing Toolkit\CUDA\v7.5\include"  -G   --keep-dir x64\Debug -maxrregcount=0  --machine 64 --compile -cudart static  -g   -DWIN32 -DWIN64 -D_DEBUG -D_CONSOLE -D_MBCS -Xcompiler "/EHsc /W3 /nologo /Od /Zi /RTC1 /MDd " -o x64\Debug\kernel.cu.obj "D:\GitHub\CUNIST\cuNIST\cuNIST\kernel.cu" 
     1>D:/GitHub/CUNIST/cuNIST/cuNIST/kernel.cu(15): warning : variable "images" was declared but never referenced
     1>D:/GitHub/CUNIST/cuNIST/cuNIST/kernel.cu(16): warning : variable "labels" was declared but never referenced
     1>D:/GitHub/CUNIST/cuNIST/cuNIST/kernel.cu(15): warning : variable "images" was declared but never referenced
     1>D:/GitHub/CUNIST/cuNIST/cuNIST/kernel.cu(16): warning : variable "labels" was declared but never referenced
         kernel.cu
     1>D:/GitHub/CUNIST/cuNIST/cuNIST/kernel.cu(15): warning C4101: 'images' : unreferenced local variable
     1>D:/GitHub/CUNIST/cuNIST/cuNIST/kernel.cu(16): warning C4101: 'labels' : unreferenced local variable
       Link:
         G:\Program Files (x86)\Microsoft Visual Studio 12.0\VC\bin\x86_amd64\link.exe /ERRORREPORT:PROMPT /OUT:"D:\GitHub\CUNIST\cuNIST\x64\Debug\cuNIST.exe" /INCREMENTAL /NOLOGO /LIBPATH:"C:\Program Files\NVIDIA GPU Computing Toolkit\CUDA\v7.5\lib\x64" cudart.lib kernel32.lib user32.lib gdi32.lib winspool.lib comdlg32.lib advapi32.lib shell32.lib ole32.lib oleaut32.lib uuid.lib odbc32.lib odbccp32.lib kernel32.lib user32.lib gdi32.lib winspool.lib comdlg32.lib advapi32.lib shell32.lib ole32.lib oleaut32.lib uuid.lib odbc32.lib odbccp32.lib /MANIFEST /MANIFESTUAC:"level='asInvoker' uiAccess='false'" /manifest:embed /DEBUG /PDB:"D:\GitHub\CUNIST\cuNIST\x64\Debug\cuNIST.pdb" /SUBSYSTEM:CONSOLE /TLBID:1 /DYNAMICBASE /NXCOMPAT /IMPLIB:"D:\GitHub\CUNIST\cuNIST\x64\Debug\cuNIST.lib" /MACHINE:X64 x64\Debug\kernel.cu.obj
         x64\Debug\ReadData.obj
         cuNIST.vcxproj -> D:\GitHub\CUNIST\cuNIST\x64\Debug\cuNIST.exe
       PostBuildEvent:
         echo copy "C:\Program Files\NVIDIA GPU Computing Toolkit\CUDA\v7.5\bin\cudart*.dll" "D:\GitHub\CUNIST\cuNIST\x64\Debug\"
         copy "C:\Program Files\NVIDIA GPU Computing Toolkit\CUDA\v7.5\bin\cudart*.dll" "D:\GitHub\CUNIST\cuNIST\x64\Debug\"
         :VCEnd
         copy "C:\Program Files\NVIDIA GPU Computing Toolkit\CUDA\v7.5\bin\cudart*.dll" "D:\GitHub\CUNIST\cuNIST\x64\Debug\"
         C:\Program Files\NVIDIA GPU Computing Toolkit\CUDA\v7.5\bin\cudart32_75.dll
         C:\Program Files\NVIDIA GPU Computing Toolkit\CUDA\v7.5\bin\cudart64_75.dll
         已复制         2 个文件。
     1>Done Building Project "D:\GitHub\CUNIST\cuNIST\cuNIST\cuNIST.vcxproj" (Build target(s)).

Build succeeded.

Time Elapsed 00:00:03.83
